[2023-12-05 16:05:36Z INFO HostContext] No proxy settings were found based on environmental variables (http_proxy/https_proxy/HTTP_PROXY/HTTPS_PROXY)
[2023-12-05 16:05:36Z INFO HostContext] Well known directory 'Bin': 'C:\Percobaan Dicoding nanti hapus ajah\a276-backend-expert-labs-302-auth-api-full-features\auth-api\actions-runner\bin'
[2023-12-05 16:05:36Z INFO HostContext] Well known directory 'Root': 'C:\Percobaan Dicoding nanti hapus ajah\a276-backend-expert-labs-302-auth-api-full-features\auth-api\actions-runner'
[2023-12-05 16:05:36Z INFO HostContext] Well known config file 'Credentials': 'C:\Percobaan Dicoding nanti hapus ajah\a276-backend-expert-labs-302-auth-api-full-features\auth-api\actions-runner\.credentials'
[2023-12-05 16:05:36Z INFO HostContext] Well known directory 'Bin': 'C:\Percobaan Dicoding nanti hapus ajah\a276-backend-expert-labs-302-auth-api-full-features\auth-api\actions-runner\bin'
[2023-12-05 16:05:36Z INFO HostContext] Well known directory 'Root': 'C:\Percobaan Dicoding nanti hapus ajah\a276-backend-expert-labs-302-auth-api-full-features\auth-api\actions-runner'
[2023-12-05 16:05:36Z INFO HostContext] Well known config file 'Runner': 'C:\Percobaan Dicoding nanti hapus ajah\a276-backend-expert-labs-302-auth-api-full-features\auth-api\actions-runner\.runner'
[2023-12-05 16:05:37Z INFO Listener] Runner is built for Windows (X64) - win-x64.
[2023-12-05 16:05:37Z INFO Listener] RuntimeInformation: Microsoft Windows 10.0.19045.
[2023-12-05 16:05:37Z INFO Listener] Version: 2.311.0
[2023-12-05 16:05:37Z INFO Listener] Commit: f5cff308c83746dddd726a9a28a1583872305aaa
[2023-12-05 16:05:37Z INFO Listener] Culture: en-US
[2023-12-05 16:05:37Z INFO Listener] UI Culture: en-US
[2023-12-05 16:05:37Z INFO HostContext] Well known directory 'Bin': 'C:\Percobaan Dicoding nanti hapus ajah\a276-backend-expert-labs-302-auth-api-full-features\auth-api\actions-runner\bin'
[2023-12-05 16:05:37Z INFO HostContext] Well known directory 'Root': 'C:\Percobaan Dicoding nanti hapus ajah\a276-backend-expert-labs-302-auth-api-full-features\auth-api\actions-runner'
[2023-12-05 16:05:37Z INFO Listener] Validating directory permissions for: 'C:\Percobaan Dicoding nanti hapus ajah\a276-backend-expert-labs-302-auth-api-full-features\auth-api\actions-runner'
[2023-12-05 16:05:37Z INFO CommandLineParser] Parse
[2023-12-05 16:05:37Z INFO CommandLineParser] Parsing 5 args
[2023-12-05 16:05:37Z INFO CommandLineParser] parsing argument
[2023-12-05 16:05:37Z INFO CommandLineParser] HasArgs: False
[2023-12-05 16:05:37Z INFO CommandLineParser] Adding Command: configure
[2023-12-05 16:05:37Z INFO CommandLineParser] parsing argument
[2023-12-05 16:05:37Z INFO CommandLineParser] HasArgs: True
[2023-12-05 16:05:37Z INFO CommandLineParser] arg: url
[2023-12-05 16:05:37Z INFO CommandLineParser] parsing argument
[2023-12-05 16:05:37Z INFO CommandLineParser] HasArgs: True
[2023-12-05 16:05:37Z INFO CommandLineParser] Adding option 'url': 'https://github.com/ardhiS/auth--api'
[2023-12-05 16:05:37Z INFO CommandLineParser] parsing argument
[2023-12-05 16:05:37Z INFO CommandLineParser] HasArgs: True
[2023-12-05 16:05:37Z INFO CommandLineParser] arg: token
[2023-12-05 16:05:37Z INFO CommandLineParser] parsing argument
[2023-12-05 16:05:37Z INFO CommandLineParser] HasArgs: True
[2023-12-05 16:05:37Z INFO CommandLineParser] Adding option 'token': '***'
[2023-12-05 16:05:37Z INFO Listener] Arguments parsed
[2023-12-05 16:05:37Z INFO Runner] ExecuteCommand
[2023-12-05 16:05:37Z INFO ConfigurationStore] currentAssemblyLocation: C:\Percobaan Dicoding nanti hapus ajah\a276-backend-expert-labs-302-auth-api-full-features\auth-api\actions-runner\bin\Runner.Listener.dll
[2023-12-05 16:05:37Z INFO HostContext] Well known directory 'Bin': 'C:\Percobaan Dicoding nanti hapus ajah\a276-backend-expert-labs-302-auth-api-full-features\auth-api\actions-runner\bin'
[2023-12-05 16:05:37Z INFO ConfigurationStore] binPath: C:\Percobaan Dicoding nanti hapus ajah\a276-backend-expert-labs-302-auth-api-full-features\auth-api\actions-runner\bin
[2023-12-05 16:05:37Z INFO HostContext] Well known directory 'Bin': 'C:\Percobaan Dicoding nanti hapus ajah\a276-backend-expert-labs-302-auth-api-full-features\auth-api\actions-runner\bin'
[2023-12-05 16:05:37Z INFO HostContext] Well known directory 'Root': 'C:\Percobaan Dicoding nanti hapus ajah\a276-backend-expert-labs-302-auth-api-full-features\auth-api\actions-runner'
[2023-12-05 16:05:37Z INFO ConfigurationStore] RootFolder: C:\Percobaan Dicoding nanti hapus ajah\a276-backend-expert-labs-302-auth-api-full-features\auth-api\actions-runner
[2023-12-05 16:05:37Z INFO HostContext] Well known directory 'Bin': 'C:\Percobaan Dicoding nanti hapus ajah\a276-backend-expert-labs-302-auth-api-full-features\auth-api\actions-runner\bin'
[2023-12-05 16:05:37Z INFO HostContext] Well known directory 'Root': 'C:\Percobaan Dicoding nanti hapus ajah\a276-backend-expert-labs-302-auth-api-full-features\auth-api\actions-runner'
[2023-12-05 16:05:37Z INFO HostContext] Well known config file 'Runner': 'C:\Percobaan Dicoding nanti hapus ajah\a276-backend-expert-labs-302-auth-api-full-features\auth-api\actions-runner\.runner'
[2023-12-05 16:05:37Z INFO ConfigurationStore] ConfigFilePath: C:\Percobaan Dicoding nanti hapus ajah\a276-backend-expert-labs-302-auth-api-full-features\auth-api\actions-runner\.runner
[2023-12-05 16:05:37Z INFO HostContext] Well known directory 'Bin': 'C:\Percobaan Dicoding nanti hapus ajah\a276-backend-expert-labs-302-auth-api-full-features\auth-api\actions-runner\bin'
[2023-12-05 16:05:37Z INFO HostContext] Well known directory 'Root': 'C:\Percobaan Dicoding nanti hapus ajah\a276-backend-expert-labs-302-auth-api-full-features\auth-api\actions-runner'
[2023-12-05 16:05:37Z INFO HostContext] Well known config file 'Credentials': 'C:\Percobaan Dicoding nanti hapus ajah\a276-backend-expert-labs-302-auth-api-full-features\auth-api\actions-runner\.credentials'
[2023-12-05 16:05:37Z INFO ConfigurationStore] CredFilePath: C:\Percobaan Dicoding nanti hapus ajah\a276-backend-expert-labs-302-auth-api-full-features\auth-api\actions-runner\.credentials
[2023-12-05 16:05:37Z INFO HostContext] Well known directory 'Bin': 'C:\Percobaan Dicoding nanti hapus ajah\a276-backend-expert-labs-302-auth-api-full-features\auth-api\actions-runner\bin'
[2023-12-05 16:05:37Z INFO HostContext] Well known directory 'Root': 'C:\Percobaan Dicoding nanti hapus ajah\a276-backend-expert-labs-302-auth-api-full-features\auth-api\actions-runner'
[2023-12-05 16:05:37Z INFO HostContext] Well known config file 'MigratedCredentials': 'C:\Percobaan Dicoding nanti hapus ajah\a276-backend-expert-labs-302-auth-api-full-features\auth-api\actions-runner\.credentials_migrated'
[2023-12-05 16:05:37Z INFO ConfigurationStore] MigratedCredFilePath: C:\Percobaan Dicoding nanti hapus ajah\a276-backend-expert-labs-302-auth-api-full-features\auth-api\actions-runner\.credentials_migrated
[2023-12-05 16:05:37Z INFO HostContext] Well known directory 'Bin': 'C:\Percobaan Dicoding nanti hapus ajah\a276-backend-expert-labs-302-auth-api-full-features\auth-api\actions-runner\bin'
[2023-12-05 16:05:37Z INFO HostContext] Well known directory 'Root': 'C:\Percobaan Dicoding nanti hapus ajah\a276-backend-expert-labs-302-auth-api-full-features\auth-api\actions-runner'
[2023-12-05 16:05:37Z INFO HostContext] Well known config file 'Service': 'C:\Percobaan Dicoding nanti hapus ajah\a276-backend-expert-labs-302-auth-api-full-features\auth-api\actions-runner\.service'
[2023-12-05 16:05:37Z INFO ConfigurationStore] ServiceConfigFilePath: C:\Percobaan Dicoding nanti hapus ajah\a276-backend-expert-labs-302-auth-api-full-features\auth-api\actions-runner\.service
[2023-12-05 16:05:37Z INFO CommandSettings] Flag 'help': 'False'
[2023-12-05 16:05:37Z INFO CommandSettings] Flag 'version': 'False'
[2023-12-05 16:05:37Z INFO CommandSettings] Flag 'commit': 'False'
[2023-12-05 16:05:37Z INFO CommandSettings] Flag 'check': 'False'
[2023-12-05 16:05:37Z INFO CommandSettings] Command 'configure': 'True'
[2023-12-05 16:05:37Z INFO Terminal] WRITE LINE: 
[2023-12-05 16:05:37Z INFO Terminal] WRITE LINE: --------------------------------------------------------------------------------
[2023-12-05 16:05:37Z INFO Terminal] WRITE LINE: |        ____ _ _   _   _       _          _        _   _                      |
[2023-12-05 16:05:37Z INFO Terminal] WRITE LINE: |       / ___(_) |_| | | |_   _| |__      / \   ___| |_(_) ___  _ __  ___      |
[2023-12-05 16:05:37Z INFO Terminal] WRITE LINE: |      | |  _| | __| |_| | | | | '_ \    / _ \ / __| __| |/ _ \| '_ \/ __|     |
[2023-12-05 16:05:37Z INFO Terminal] WRITE LINE: |      | |_| | | |_|  _  | |_| | |_) |  / ___ \ (__| |_| | (_) | | | \__ \     |
[2023-12-05 16:05:37Z INFO Terminal] WRITE LINE: |       \____|_|\__|_| |_|\__,_|_.__/  /_/   \_\___|\__|_|\___/|_| |_|___/     |
[2023-12-05 16:05:37Z INFO Terminal] WRITE LINE: |                                                                              |
[2023-12-05 16:05:37Z INFO Terminal] WRITE: |                       
[2023-12-05 16:05:37Z INFO Terminal] WRITE: Self-hosted runner registration
[2023-12-05 16:05:37Z INFO Terminal] WRITE LINE:                         |
[2023-12-05 16:05:37Z INFO Terminal] WRITE LINE: |                                                                              |
[2023-12-05 16:05:37Z INFO Terminal] WRITE LINE: --------------------------------------------------------------------------------
[2023-12-05 16:05:37Z INFO ConfigurationManager] ConfigureAsync
[2023-12-05 16:05:37Z INFO CommandSettings] Flag 'generateServiceConfig': 'False'
[2023-12-05 16:05:37Z INFO ConfigurationStore] IsConfigured()
[2023-12-05 16:05:37Z INFO ConfigurationStore] IsConfigured: True
[2023-12-05 16:05:37Z INFO ConfigurationManager] Is configured: True
[2023-12-05 16:05:37Z ERR  Runner] System.InvalidOperationException: Cannot configure the runner because it is already configured. To reconfigure the runner, run 'config.cmd remove' or './config.sh remove' first.
   at GitHub.Runner.Listener.Configuration.ConfigurationManager.ConfigureAsync(CommandSettings command)
   at GitHub.Runner.Listener.Runner.ExecuteCommand(CommandSettings command)
[2023-12-05 16:05:37Z ERR  Terminal] WRITE ERROR: Cannot configure the runner because it is already configured. To reconfigure the runner, run 'config.cmd remove' or './config.sh remove' first.
[2023-12-05 16:05:37Z INFO Listener] Runner execution has finished with return code 1
